<?xml version="1.0" encoding="utf-8"?><testsuites name="pytest tests"><testsuite name="pytest" errors="0" failures="0" skipped="0" tests="25" time="7.921" timestamp="2026-08-24T14:29:15.175755+00:00" hostname="agent-env-61cf7875-5886-4de2-8271-edc5083a27fc"><testcase classname="tests.backend_test.TestDraftPublish" name="test_admin_content_requires_auth" time="0.977" /><testcase classname="tests.backend_test.TestAuth" name="test_login_success" time="0.662" /><testcase classname="tests.backend_test.TestAuth" name="test_login_invalid_password" time="0.323" /><testcase classname="tests.backend_test.TestDraftPublish" name="test_put_content_requires_auth" time="0.139" /><testcase classname="tests.backend_test.TestAuth" name="test_login_unknown_user" time="0.100" /><testcase classname="tests.backend_test.TestAuth" name="test_me_requires_auth" time="0.138" /><testcase classname="tests.backend_test.TestDraftPublish" name="test_publish_requires_auth" time="0.123" /><testcase classname="tests.backend_test.TestAuth" name="test_me_bad_token" time="0.137" /><testcase classname="tests.backend_test.TestDraftPublish" name="test_featured_toggle_draft_publish_roundtrip" time="1.911" /><testcase classname="tests.backend_test.TestAuth" name="test_me_ok" time="0.750" /><testcase classname="tests.backend_test.TestAuth" name="test_bcrypt_hash_format" time="0.099" /><testcase classname="tests.backend_test.TestPublicContent" name="test_content_shape" time="0.117" /><testcase classname="tests.backend_test.TestPublicContent" name="test_no_internal_fields_leaked" time="0.129" /><testcase classname="tests.backend_test.TestPublicContent" name="test_featured_flags_present" time="0.108" /><testcase classname="tests.backend_test.TestPublicContent" name="test_contact_details" time="0.110" /><testcase classname="tests.backend_test.TestSettingsAndIG" name="test_settings_requires_auth" time="0.272" /><testcase classname="tests.backend_test.TestSettingsAndIG" name="test_get_settings" time="0.079" /><testcase classname="tests.backend_test.TestSettingsAndIG" name="test_ig_status" time="0.082" /><testcase classname="tests.backend_test.TestSettingsAndIG" name="test_ig_feed_public" time="0.092" /><testcase classname="tests.backend_test.TestDraftPublish" name="test_publish_without_draft_returns_400" time="0.156" /><testcase classname="tests.backend_test.TestEnquiries" name="test_create_enquiry_with_items" time="3.367" /><testcase classname="tests.backend_test.TestDraftPublish" name="test_discard_draft" time="0.565" /><testcase classname="tests.backend_test.TestHealth" name="test_root" time="0.170" /><testcase classname="tests.backend_test.TestEnquiries" name="test_create_enquiry_validation" time="0.087" /><testcase classname="tests.backend_test.TestEnquiries" name="test_export_csv" time="0.095" /></testsuite></testsuites>